\BOOKMARK [0][-]{dummy.1}{\376\377\000D\000e\000c\000l\000a\000r\000a\000t\000i\000o\000n\000\040\000o\000f\000\040\000A\000u\000t\000h\000o\000r\000s\000h\000i\000p}{}% 1
\BOOKMARK [0][-]{dummy.2}{\376\377\000A\000b\000s\000t\000r\000a\000c\000t}{}% 2
\BOOKMARK [0][-]{dummy.3}{\376\377\000A\000c\000k\000n\000o\000w\000l\000e\000d\000g\000e\000m\000e\000n\000t\000s}{}% 3
\BOOKMARK [0][-]{chapter*.5}{\376\377\000L\000i\000s\000t\000\040\000o\000f\000\040\000F\000i\000g\000u\000r\000e\000s}{}% 4
\BOOKMARK [0][-]{dummy.6}{\376\377\000L\000i\000s\000t\000\040\000o\000f\000\040\000C\000o\000d\000e\000\040\000L\000i\000s\000t\000i\000n\000g\000s}{}% 5
\BOOKMARK [0][-]{chapter*.8}{\376\377\000L\000i\000s\000t\000\040\000o\000f\000\040\000T\000a\000b\000l\000e\000s}{}% 6
\BOOKMARK [0][-]{dummy.9}{\376\377\000A\000b\000b\000r\000e\000v\000i\000a\000t\000i\000o\000n\000s}{}% 7
\BOOKMARK [0][-]{chapter.12}{\376\377\0001\000\040\000I\000n\000t\000r\000o\000d\000u\000c\000t\000i\000o\000n}{}% 8
\BOOKMARK [1][-]{section.13}{\376\377\0001\000.\0001\000\040\000A\000r\000e\000a\000\040\000o\000f\000\040\000I\000n\000t\000e\000r\000e\000s\000t}{chapter.12}% 9
\BOOKMARK [1][-]{section.15}{\376\377\0001\000.\0002\000\040\000M\000o\000t\000i\000v\000a\000t\000i\000o\000n}{chapter.12}% 10
\BOOKMARK [1][-]{section.16}{\376\377\0001\000.\0003\000\040\000A\000i\000m\000s\000\040\000a\000n\000d\000\040\000O\000b\000j\000e\000c\000t\000i\000v\000e\000s}{chapter.12}% 11
\BOOKMARK [1][-]{section.23}{\376\377\0001\000.\0004\000\040\000S\000t\000r\000u\000c\000t\000u\000r\000e\000\040\000o\000f\000\040\000t\000h\000e\000\040\000T\000h\000e\000s\000i\000s}{chapter.12}% 12
\BOOKMARK [0][-]{chapter.30}{\376\377\0002\000\040\000L\000i\000t\000e\000r\000a\000t\000u\000r\000e\000\040\000R\000e\000v\000i\000e\000w}{}% 13
\BOOKMARK [1][-]{section.31}{\376\377\0002\000.\0001\000\040\000I\000n\000t\000r\000o\000d\000u\000c\000t\000i\000o\000n}{chapter.30}% 14
\BOOKMARK [1][-]{section.32}{\376\377\0002\000.\0002\000\040\000T\000e\000s\000s\000e\000r\000a\000c\000t\000\040\000O\000C\000R}{chapter.30}% 15
\BOOKMARK [1][-]{section.39}{\376\377\0002\000.\0003\000\040\000C\000o\000n\000v\000o\000l\000u\000t\000i\000o\000n\000a\000l\000\040\000R\000e\000c\000u\000r\000r\000e\000n\000t\000\040\000N\000e\000u\000r\000a\000l\000\040\000N\000e\000t\000w\000o\000r\000k\000s\000\040\000\050\000C\000R\000N\000N\000s\000\051}{chapter.30}% 16
\BOOKMARK [2][-]{subsection.40}{\376\377\0002\000.\0003\000.\0001\000\040\000W\000o\000r\000k\000i\000n\000g\000\040\000o\000f\000\040\000C\000R\000N\000N\000s}{section.39}% 17
\BOOKMARK [1][-]{section.52}{\376\377\0002\000.\0004\000\040\000L\000o\000n\000g\000\040\000S\000h\000o\000r\000t\000-\000T\000e\000r\000m\000\040\000M\000e\000m\000o\000r\000y\000\040\000N\000e\000t\000w\000o\000r\000k\000s\000\040\000\050\000L\000S\000T\000M\000s\000\051}{chapter.30}% 18
\BOOKMARK [1][-]{section.54}{\376\377\0002\000.\0005\000\040\000T\000r\000a\000n\000s\000f\000o\000r\000m\000e\000r\000s}{chapter.30}% 19
\BOOKMARK [1][-]{section.56}{\376\377\0002\000.\0006\000\040\000A\000t\000t\000e\000n\000t\000i\000o\000n\000-\000b\000a\000s\000e\000d\000\040\000O\000C\000R\000\040\000m\000o\000d\000e\000l\000s}{chapter.30}% 20
\BOOKMARK [1][-]{section.58}{\376\377\0002\000.\0007\000\040\000R\000u\000l\000e\000-\000b\000a\000s\000e\000d\000\040\000s\000y\000s\000t\000e\000m\000s}{chapter.30}% 21
\BOOKMARK [1][-]{section.60}{\376\377\0002\000.\0008\000\040\000S\000u\000p\000p\000o\000r\000t\000\040\000V\000e\000c\000t\000o\000r\000\040\000M\000a\000c\000h\000i\000n\000e\000s\000\040\000\050\000S\000V\000M\000s\000\051}{chapter.30}% 22
\BOOKMARK [1][-]{section.62}{\376\377\0002\000.\0009\000\040\000H\000i\000d\000d\000e\000n\000\040\000M\000a\000r\000k\000o\000v\000\040\000M\000o\000d\000e\000l\000s\000\040\000\050\000H\000M\000M\000s\000\051}{chapter.30}% 23
\BOOKMARK [1][-]{section.64}{\376\377\0002\000.\0001\0000\000\040\000K\000-\000N\000e\000a\000r\000e\000s\000t\000\040\000N\000e\000i\000g\000h\000b\000o\000u\000r\000s\000\040\000\050\000K\000N\000N\000\051}{chapter.30}% 24
\BOOKMARK [1][-]{section.66}{\376\377\0002\000.\0001\0001\000\040\000T\000e\000m\000p\000l\000a\000t\000e\000\040\000M\000a\000t\000c\000h\000i\000n\000g}{chapter.30}% 25
\BOOKMARK [1][-]{section.68}{\376\377\0002\000.\0001\0002\000\040\000C\000o\000n\000c\000l\000u\000s\000i\000o\000n}{chapter.30}% 26
\BOOKMARK [0][-]{chapter.69}{\376\377\0003\000\040\000M\000e\000t\000h\000o\000d\000o\000l\000o\000g\000y}{}% 27
\BOOKMARK [1][-]{section.70}{\376\377\0003\000.\0001\000\040\000I\000n\000t\000r\000o\000d\000u\000c\000t\000i\000o\000n}{chapter.69}% 28
\BOOKMARK [1][-]{section.71}{\376\377\0003\000.\0002\000\040\000D\000a\000t\000a\000\040\000C\000o\000l\000l\000e\000c\000t\000i\000o\000n}{chapter.69}% 29
\BOOKMARK [1][-]{section.72}{\376\377\0003\000.\0003\000\040\000D\000a\000t\000a\000\040\000A\000n\000a\000l\000y\000s\000i\000s}{chapter.69}% 30
\BOOKMARK [2][-]{subsection.89}{\376\377\0003\000.\0003\000.\0001\000\040\000I\000m\000a\000g\000e\000\040\000F\000o\000l\000d\000e\000r\000\040\000A}{section.72}% 31
\BOOKMARK [2][-]{subsection.91}{\376\377\0003\000.\0003\000.\0002\000\040\000I\000m\000a\000g\000e\000\040\000F\000o\000l\000d\000e\000r\000\040\000B}{section.72}% 32
\BOOKMARK [2][-]{subsection.93}{\376\377\0003\000.\0003\000.\0003\000\040\000I\000m\000a\000g\000e\000\040\000F\000o\000l\000d\000e\000r\000\040\000C}{section.72}% 33
\BOOKMARK [2][-]{subsection.95}{\376\377\0003\000.\0003\000.\0004\000\040\000I\000m\000a\000g\000e\000\040\000F\000o\000l\000d\000e\000r\000\040\000D}{section.72}% 34
\BOOKMARK [2][-]{subsection.97}{\376\377\0003\000.\0003\000.\0005\000\040\000I\000m\000a\000g\000e\000\040\000F\000o\000l\000d\000e\000r\000\040\000E}{section.72}% 35
\BOOKMARK [2][-]{subsection.99}{\376\377\0003\000.\0003\000.\0006\000\040\000I\000m\000a\000g\000e\000\040\000F\000o\000l\000d\000e\000r\000\040\000F}{section.72}% 36
\BOOKMARK [2][-]{subsection.101}{\376\377\0003\000.\0003\000.\0007\000\040\000I\000m\000a\000g\000e\000\040\000F\000o\000l\000d\000e\000r\000\040\000G}{section.72}% 37
\BOOKMARK [2][-]{subsection.103}{\376\377\0003\000.\0003\000.\0008\000\040\000I\000m\000a\000g\000e\000\040\000F\000o\000l\000d\000e\000r\000\040\000H}{section.72}% 38
\BOOKMARK [2][-]{subsection.105}{\376\377\0003\000.\0003\000.\0009\000\040\000I\000m\000a\000g\000e\000\040\000F\000o\000l\000d\000e\000r\000\040\000I}{section.72}% 39
\BOOKMARK [2][-]{subsection.107}{\376\377\0003\000.\0003\000.\0001\0000\000\040\000I\000m\000a\000g\000e\000\040\000F\000o\000l\000d\000e\000r\000\040\000J}{section.72}% 40
\BOOKMARK [1][-]{section.109}{\376\377\0003\000.\0004\000\040\000F\000i\000r\000s\000t\000\040\000S\000p\000r\000i\000n\000t\000\040\000-\000\040\000G\000l\000o\000b\000a\000l\000\040\000G\000e\000n\000e\000r\000i\000c}{chapter.69}% 41
\BOOKMARK [1][-]{section.112}{\376\377\0003\000.\0005\000\040\000S\000e\000c\000o\000n\000d\000\040\000S\000p\000r\000i\000n\000t\000\040\000-\000\040\000G\000l\000o\000b\000a\000l\000\040\000G\000e\000n\000e\000r\000i\000c\000\040\000A\000n\000a\000l\000y\000s\000i\000s\000\040\000R\000e\000s\000i\000z\000e\000d}{chapter.69}% 42
\BOOKMARK [2][-]{subsection.120}{\376\377\0003\000.\0005\000.\0001\000\040\000S\000e\000c\000o\000n\000d\000\040\000S\000p\000r\000i\000n\000t\000\040\000C\000o\000n\000c\000l\000u\000s\000i\000o\000n}{section.112}% 43
\BOOKMARK [1][-]{section.121}{\376\377\0003\000.\0006\000\040\000A\000n\000a\000l\000y\000s\000i\000s\000\040\000T\000e\000s\000s\000e\000r\000a\000c\000t\000\040\000S\000e\000p\000a\000r\000a\000t\000e\000\040\000F\000o\000l\000d\000e\000r\000s}{chapter.69}% 44
\BOOKMARK [2][-]{subsection.124}{\376\377\0003\000.\0006\000.\0001\000\040\000I\000m\000a\000g\000e\000\040\000F\000o\000l\000d\000e\000r\000\040\000A}{section.121}% 45
\BOOKMARK [2][-]{subsection.135}{\376\377\0003\000.\0006\000.\0002\000\040\000I\000m\000a\000g\000e\000\040\000F\000o\000l\000d\000e\000r\000\040\000B}{section.121}% 46
\BOOKMARK [2][-]{subsection.145}{\376\377\0003\000.\0006\000.\0003\000\040\000I\000m\000a\000g\000e\000\040\000F\000o\000l\000d\000e\000r\000\040\000C}{section.121}% 47
\BOOKMARK [2][-]{subsection.157}{\376\377\0003\000.\0006\000.\0004\000\040\000I\000m\000a\000g\000e\000\040\000F\000o\000l\000d\000e\000r\000\040\000D}{section.121}% 48
\BOOKMARK [2][-]{subsection.165}{\376\377\0003\000.\0006\000.\0005\000\040\000I\000m\000a\000g\000e\000\040\000F\000o\000l\000d\000e\000r\000\040\000E}{section.121}% 49
\BOOKMARK [2][-]{subsection.167}{\376\377\0003\000.\0006\000.\0006\000\040\000I\000m\000a\000g\000e\000\040\000F\000o\000l\000d\000e\000r\000\040\000F}{section.121}% 50
\BOOKMARK [2][-]{subsection.180}{\376\377\0003\000.\0006\000.\0007\000\040\000I\000m\000a\000g\000e\000\040\000F\000o\000l\000d\000e\000r\000\040\000G}{section.121}% 51
\BOOKMARK [2][-]{subsection.190}{\376\377\0003\000.\0006\000.\0008\000\040\000I\000m\000a\000g\000e\000\040\000F\000o\000l\000d\000e\000r\000\040\000H}{section.121}% 52
\BOOKMARK [2][-]{subsection.199}{\376\377\0003\000.\0006\000.\0009\000\040\000I\000m\000a\000g\000e\000\040\000F\000o\000l\000d\000e\000r\000\040\000I}{section.121}% 53
\BOOKMARK [2][-]{subsection.201}{\376\377\0003\000.\0006\000.\0001\0000\000\040\000I\000m\000a\000g\000e\000\040\000F\000o\000l\000d\000e\000r\000\040\000K}{section.121}% 54
\BOOKMARK [1][-]{section.207}{\376\377\0003\000.\0007\000\040\000C\000R\000N\000N\000\040\000M\000e\000t\000h\000o\000d\000o\000l\000o\000g\000y}{chapter.69}% 55
\BOOKMARK [0][-]{chapter.211}{\376\377\0004\000\040\000R\000e\000s\000u\000l\000t\000s}{}% 56
\BOOKMARK [1][-]{section.212}{\376\377\0004\000.\0001\000\040\000I\000n\000t\000r\000o\000d\000u\000c\000t\000i\000o\000n}{chapter.211}% 57
\BOOKMARK [1][-]{section.213}{\376\377\0004\000.\0002\000\040\000F\000i\000r\000s\000t\000\040\000S\000p\000r\000i\000n\000t\000\040\000-\000\040\000G\000l\000o\000b\000a\000l\000\040\000G\000e\000n\000e\000r\000i\000c}{chapter.211}% 58
\BOOKMARK [1][-]{section.214}{\376\377\0004\000.\0003\000\040\000S\000e\000c\000o\000n\000d\000\040\000S\000p\000r\000i\000n\000t\000\040\000-\000\040\000G\000l\000o\000b\000a\000l\000\040\000G\000e\000n\000e\000r\000i\000c\000\040\000A\000n\000a\000l\000y\000s\000i\000s\000\040\000R\000e\000s\000i\000z\000e\000d}{chapter.211}% 59
\BOOKMARK [1][-]{section.215}{\376\377\0004\000.\0004\000\040\000A\000n\000a\000l\000y\000s\000i\000s\000\040\000T\000e\000s\000s\000e\000r\000a\000c\000t\000\040\000S\000e\000p\000a\000r\000a\000t\000e\000\040\000F\000o\000l\000d\000e\000r\000s}{chapter.211}% 60
\BOOKMARK [2][-]{subsection.216}{\376\377\0004\000.\0004\000.\0001\000\040\000S\000i\000p\000a\000\040\0002}{section.215}% 61
\BOOKMARK [2][-]{subsection.217}{\376\377\0004\000.\0004\000.\0002\000\040\000S\000i\000p\000a\000\040\0003}{section.215}% 62
\BOOKMARK [2][-]{subsection.218}{\376\377\0004\000.\0004\000.\0003\000\040\000S\000i\000p\000a\000\040\0004}{section.215}% 63
\BOOKMARK [2][-]{subsection.219}{\376\377\0004\000.\0004\000.\0004\000\040\000S\000i\000p\000a\000\040\0005}{section.215}% 64
\BOOKMARK [2][-]{subsection.220}{\376\377\0004\000.\0004\000.\0005\000\040\000S\000i\000p\000a\000\040\0006}{section.215}% 65
\BOOKMARK [2][-]{subsection.221}{\376\377\0004\000.\0004\000.\0006\000\040\000S\000i\000p\000a\000\040\0007}{section.215}% 66
\BOOKMARK [2][-]{subsection.222}{\376\377\0004\000.\0004\000.\0007\000\040\000S\000i\000p\000a\000\040\0008}{section.215}% 67
\BOOKMARK [2][-]{subsection.223}{\376\377\0004\000.\0004\000.\0008\000\040\000S\000i\000p\000a\000\040\0009}{section.215}% 68
\BOOKMARK [2][-]{subsection.224}{\376\377\0004\000.\0004\000.\0009\000\040\000S\000i\000p\000a\000\040\0001\0000}{section.215}% 69
\BOOKMARK [2][-]{subsection.225}{\376\377\0004\000.\0004\000.\0001\0000\000\040\000S\000i\000p\000a\000\040\0001\0001}{section.215}% 70
\BOOKMARK [0][-]{chapter.226}{\376\377\0005\000\040\000D\000i\000s\000c\000u\000s\000s\000i\000o\000n\000\040\000a\000n\000d\000\040\000C\000o\000n\000c\000l\000u\000s\000i\000o\000n}{}% 71
\BOOKMARK [1][-]{section.227}{\376\377\0005\000.\0001\000\040\000D\000i\000s\000c\000u\000s\000s\000i\000o\000n}{chapter.226}% 72
\BOOKMARK [1][-]{section.228}{\376\377\0005\000.\0002\000\040\000C\000o\000n\000c\000l\000u\000s\000i\000o\000n}{chapter.226}% 73
\BOOKMARK [0][-]{chapter*.229}{\376\377\000B\000i\000b\000l\000i\000o\000g\000r\000a\000p\000h\000y}{}% 74
\BOOKMARK [0][-]{appendix.230}{\376\377\000A\000\040\000A\000p\000p\000e\000n\000d\000i\000x\000\040\000A}{}% 75
\BOOKMARK [1][-]{section.231}{\376\377\000A\000.\0001\000\040\000I\000n\000t\000r\000o\000d\000u\000c\000t\000i\000o\000n}{appendix.230}% 76
\BOOKMARK [1][-]{section.232}{\376\377\000A\000.\0002\000\040\000A\000n\000a\000l\000y\000s\000i\000s\000\040\000T\000e\000s\000s\000e\000r\000a\000c\000t\000\040\000S\000e\000p\000a\000r\000a\000t\000e\000\040\000F\000o\000l\000d\000e\000r\000s}{appendix.230}% 77
\BOOKMARK [2][-]{subsection.234}{\376\377\000A\000.\0002\000.\0001\000\040\000S\000i\000p\000a\000\040\0002\000\040\000C\000o\000n\000t\000r\000a\000s\000t\000\040\000A\000n\000a\000l\000y\000s\000i\000s\000\040\000o\000n\000\040\000M\000R\000O\000\040\000S\000S\000D}{section.232}% 78
\BOOKMARK [2][-]{subsection.236}{\376\377\000A\000.\0002\000.\0002\000\040\000S\000i\000p\000a\000\040\0002\000\040\000B\000r\000i\000g\000h\000t\000n\000e\000s\000s\000\040\000A\000n\000a\000l\000y\000s\000i\000s\000\040\000o\000n\000\040\000M\000R\000O\000\040\000S\000S\000D}{section.232}% 79
\BOOKMARK [2][-]{subsection.238}{\376\377\000A\000.\0002\000.\0003\000\040\000S\000i\000p\000a\000\040\0002\000\040\000S\000t\000a\000n\000d\000a\000r\000d\000\040\000D\000e\000v\000i\000a\000t\000i\000o\000n\000\040\000A\000n\000a\000l\000y\000s\000i\000s\000\040\000o\000n\000\040\000M\000R\000O\000\040\000S\000S\000D}{section.232}% 80
\BOOKMARK [2][-]{subsection.240}{\376\377\000A\000.\0002\000.\0004\000\040\000S\000i\000p\000a\000\040\0002\000\040\000H\000o\000m\000o\000g\000e\000n\000e\000i\000t\000y\000\040\000A\000n\000a\000l\000y\000s\000i\000s\000\040\000o\000n\000\040\000M\000R\000O\000\040\000S\000S\000D}{section.232}% 81
\BOOKMARK [2][-]{subsection.242}{\376\377\000A\000.\0002\000.\0005\000\040\000S\000i\000p\000a\000\040\0002\000\040\000S\000h\000a\000r\000p\000n\000e\000s\000s\000\040\000A\000n\000a\000l\000y\000s\000i\000s\000\040\000o\000n\000\040\000M\000R\000O\000\040\000S\000S\000D}{section.232}% 82
\BOOKMARK [2][-]{subsection.244}{\376\377\000A\000.\0002\000.\0006\000\040\000S\000i\000p\000a\000\040\0002\000\040\000D\000i\000s\000s\000i\000m\000i\000l\000a\000r\000i\000t\000y\000\040\000A\000n\000a\000l\000y\000s\000i\000s\000\040\000o\000n\000\040\000M\000R\000O\000\040\000S\000S\000D}{section.232}% 83
\BOOKMARK [2][-]{subsection.246}{\376\377\000A\000.\0002\000.\0007\000\040\000S\000i\000p\000a\000\040\0002\000\040\000A\000r\000e\000a\000\040\000A\000n\000a\000l\000y\000s\000i\000s\000\040\000o\000n\000\040\000M\000R\000O\000\040\000S\000S\000D}{section.232}% 84
\BOOKMARK [2][-]{subsection.248}{\376\377\000A\000.\0002\000.\0008\000\040\000S\000i\000p\000a\000\040\0002\000\040\000C\000o\000r\000r\000e\000l\000a\000t\000i\000o\000n\000\040\000A\000n\000a\000l\000y\000s\000i\000s\000\040\000o\000n\000\040\000M\000R\000O\000\040\000S\000S\000D}{section.232}% 85
\BOOKMARK [2][-]{subsection.250}{\376\377\000A\000.\0002\000.\0009\000\040\000S\000i\000p\000a\000\040\0002\000\040\000E\000n\000e\000r\000g\000y\000\040\000A\000n\000a\000l\000y\000s\000i\000s\000\040\000o\000n\000\040\000M\000R\000O\000\040\000S\000S\000D}{section.232}% 86
