This is pdfTeX, Version 3.141592653-2.6-1.40.25 (MiKTeX 23.5) (preloaded format=pdflatex 2023.7.6)  30 JUL 2023 01:00
entering extended mode
 restricted \write18 enabled.
 file:line:error style messages enabled.
 %&-line parsing enabled.
**"g:/My Drive/MTU/MSc_Project_Thesis/MSc_Document/Thesis.tex"
(g:/My Drive/MTU/MSc_Project_Thesis/MSc_Document/Thesis.tex
LaTeX2e <2023-06-01> patch level 1
L3 programming layer <2023-06-30>
(Thesis.cls
Document Class: Thesis 2007/22/02 v1.0 LaTeX document class
(C:\Users\USER\AppData\Local\Programs\MiKTeX\tex/latex/base\book.cls
Document Class: book 2023/05/17 v1.4n Standard LaTeX document class
(C:\Users\USER\AppData\Local\Programs\MiKTeX\tex/latex/base\bk11.clo
File: bk11.clo 2023/05/17 v1.4n Standard LaTeX file (size option)
)
\c@part=\count185
\c@chapter=\count186
\c@section=\count187
\c@subsection=\count188
\c@subsubsection=\count189
\c@paragraph=\count190
\c@subparagraph=\count191
\c@figure=\count192
\c@table=\count193
\abovecaptionskip=\skip48
\belowcaptionskip=\skip49
\bibindent=\dimen140
) (C:\Users\USER\AppData\Local\Programs\MiKTeX\tex/latex/setspace\setspace.sty
Package: setspace 2022/12/04 v6.7b set line spacing
) (C:\Users\USER\AppData\Local\Programs\MiKTeX\tex/latex/vmargin\vmargin.sty
Package: vmargin 2004/07/15 V2.5 set document margins (VK)

Package: vmargin 2004/07/15 V2.5 set document margins (VK)
\PaperWidth=\dimen141
\PaperHeight=\dimen142
) (C:\Users\USER\AppData\Local\Programs\MiKTeX\tex/latex/fancyhdr\fancyhdr.sty
Package: fancyhdr 2022/11/09 v4.1 Extensive control of page headers and footers
\f@nch@headwidth=\skip50
\f@nch@O@elh=\skip51
\f@nch@O@erh=\skip52
\f@nch@O@olh=\skip53
\f@nch@O@orh=\skip54
\f@nch@O@elf=\skip55
\f@nch@O@erf=\skip56
\f@nch@O@olf=\skip57
\f@nch@O@orf=\skip58
) (C:\Users\USER\AppData\Local\Programs\MiKTeX\tex/latex/amsmath\amsmath.sty
Package: amsmath 2023/05/13 v2.17o AMS math features
\@mathmargin=\skip59

For additional information on amsmath, use the `?' option.
(C:\Users\USER\AppData\Local\Programs\MiKTeX\tex/latex/amsmath\amstext.sty
Package: amstext 2021/08/26 v2.01 AMS text
 (C:\Users\USER\AppData\Local\Programs\MiKTeX\tex/latex/amsmath\amsgen.sty
File: amsgen.sty 1999/11/30 v2.0 generic functions
\@emptytoks=\toks17
\ex@=\dimen143
)) (C:\Users\USER\AppData\Local\Programs\MiKTeX\tex/latex/amsmath\amsbsy.sty
Package: amsbsy 1999/11/29 v1.2d Bold Symbols
\pmbraise@=\dimen144
) (C:\Users\USER\AppData\Local\Programs\MiKTeX\tex/latex/amsmath\amsopn.sty
Package: amsopn 2022/04/08 v2.04 operator names
)
\inf@bad=\count194
LaTeX Info: Redefining \frac on input line 234.
\uproot@=\count195
\leftroot@=\count196
LaTeX Info: Redefining \overline on input line 399.
LaTeX Info: Redefining \colon on input line 410.
\classnum@=\count197
\DOTSCASE@=\count198
LaTeX Info: Redefining \ldots on input line 496.
LaTeX Info: Redefining \dots on input line 499.
LaTeX Info: Redefining \cdots on input line 620.
\Mathstrutbox@=\box51
\strutbox@=\box52
LaTeX Info: Redefining \big on input line 722.
LaTeX Info: Redefining \Big on input line 723.
LaTeX Info: Redefining \bigg on input line 724.
LaTeX Info: Redefining \Bigg on input line 725.
\big@size=\dimen145
LaTeX Font Info:    Redeclaring font encoding OML on input line 743.
LaTeX Font Info:    Redeclaring font encoding OMS on input line 744.
\macc@depth=\count199
LaTeX Info: Redefining \bmod on input line 905.
LaTeX Info: Redefining \pmod on input line 910.
LaTeX Info: Redefining \smash on input line 940.
LaTeX Info: Redefining \relbar on input line 970.
LaTeX Info: Redefining \Relbar on input line 971.
\c@MaxMatrixCols=\count266
\dotsspace@=\muskip16
\c@parentequation=\count267
\dspbrk@lvl=\count268
\tag@help=\toks18
\row@=\count269
\column@=\count270
\maxfields@=\count271
\andhelp@=\toks19
\eqnshift@=\dimen146
\alignsep@=\dimen147
\tagshift@=\dimen148
\tagwidth@=\dimen149
\totwidth@=\dimen150
\lineht@=\dimen151
\@envbody=\toks20
\multlinegap=\skip60
\multlinetaggap=\skip61
\mathdisplay@stack=\toks21
LaTeX Info: Redefining \[ on input line 2953.
LaTeX Info: Redefining \] on input line 2954.
) (C:\Users\USER\AppData\Local\Programs\MiKTeX\tex/latex/amsfonts\amsfonts.sty
Package: amsfonts 2013/01/14 v3.01 Basic AMSFonts support
\symAMSa=\mathgroup4
\symAMSb=\mathgroup5
LaTeX Font Info:    Redeclaring math symbol \hbar on input line 98.
LaTeX Font Info:    Overwriting math alphabet `\mathfrak' in version `bold'
(Font)                  U/euf/m/n --> U/euf/b/n on input line 106.
) (C:\Users\USER\AppData\Local\Programs\MiKTeX\tex/latex/amsfonts\amssymb.sty
Package: amssymb 2013/01/14 v3.01 AMS font symbols
) (C:\Users\USER\AppData\Local\Programs\MiKTeX\tex/latex/amsmath\amscd.sty
Package: amscd 2017/04/14 v2.1 AMS Commutative Diagrams
\athelp@=\toks22
\minaw@=\dimen152
\bigaw@=\dimen153
\minCDarrowwidth=\dimen154
) (C:\Users\USER\AppData\Local\Programs\MiKTeX\tex/latex/amscls\amsthm.sty
Package: amsthm 2020/05/29 v2.20.6
\thm@style=\toks23
\thm@bodyfont=\toks24
\thm@headfont=\toks25
\thm@notefont=\toks26
\thm@headpunct=\toks27
\thm@preskip=\skip62
\thm@postskip=\skip63
\thm@headsep=\skip64
\dth@everypar=\toks28
) (C:\Users\USER\AppData\Local\Programs\MiKTeX\tex/latex/tools\xspace.sty
Package: xspace 2014/10/28 v1.13 Space after command names (DPC,MH)
)
\c@example=\count272
\c@theorem=\count273
 (C:\Users\USER\AppData\Local\Programs\MiKTeX\tex/latex/caption\caption.sty
Package: caption 2023/03/12 v3.6j Customizing captions (AR)
 (C:\Users\USER\AppData\Local\Programs\MiKTeX\tex/latex/caption\caption3.sty
Package: caption3 2023/03/12 v2.4 caption3 kernel (AR)
 (C:\Users\USER\AppData\Local\Programs\MiKTeX\tex/latex/graphics\keyval.sty
Package: keyval 2022/05/29 v1.15 key=value parser (DPC)
\KV@toks@=\toks29
)
\caption@tempdima=\dimen155
\captionmargin=\dimen156
\caption@leftmargin=\dimen157
\caption@rightmargin=\dimen158
\caption@width=\dimen159
\caption@indent=\dimen160
\caption@parindent=\dimen161
\caption@hangindent=\dimen162
Package caption Info: Standard document class detected.
)
\c@caption@flags=\count274
\c@continuedfloat=\count275
) (C:\Users\USER\AppData\Local\Programs\MiKTeX\tex/latex/graphics\graphicx.sty
Package: graphicx 2021/09/16 v1.2d Enhanced LaTeX Graphics (DPC,SPQR)
 (C:\Users\USER\AppData\Local\Programs\MiKTeX\tex/latex/graphics\graphics.sty
Package: graphics 2022/03/10 v1.4e Standard LaTeX Graphics (DPC,SPQR)
 (C:\Users\USER\AppData\Local\Programs\MiKTeX\tex/latex/graphics\trig.sty
Package: trig 2021/08/11 v1.11 sin cos tan (DPC)
) (C:\Users\USER\AppData\Local\Programs\MiKTeX\tex/latex/graphics-cfg\graphics.cfg
File: graphics.cfg 2016/06/04 v1.11 sample graphics configuration
)
Package graphics Info: Driver file: pdftex.def on input line 107.
 (C:\Users\USER\AppData\Local\Programs\MiKTeX\tex/latex/graphics-def\pdftex.def
File: pdftex.def 2022/09/22 v1.2b Graphics/color driver for pdftex
))
\Gin@req@height=\dimen163
\Gin@req@width=\dimen164
) (C:\Users\USER\AppData\Local\Programs\MiKTeX\tex/latex/epstopdf-pkg\epstopdf.sty
Package: epstopdf 2020-01-24 v2.11 Conversion with epstopdf on the fly (HO)
 (C:\Users\USER\AppData\Local\Programs\MiKTeX\tex/generic/infwarerr\infwarerr.sty
Package: infwarerr 2019/12/03 v1.5 Providing info/warning/error messages (HO)
) (C:\Users\USER\AppData\Local\Programs\MiKTeX\tex/latex/grfext\grfext.sty
Package: grfext 2019/12/03 v1.3 Manage graphics extensions (HO)
 (C:\Users\USER\AppData\Local\Programs\MiKTeX\tex/generic/kvdefinekeys\kvdefinekeys.sty
Package: kvdefinekeys 2019-12-19 v1.6 Define keys (HO)
)) (C:\Users\USER\AppData\Local\Programs\MiKTeX\tex/latex/kvoptions\kvoptions.sty
Package: kvoptions 2022-06-15 v3.15 Key value format for package options (HO)
 (C:\Users\USER\AppData\Local\Programs\MiKTeX\tex/generic/ltxcmds\ltxcmds.sty
Package: ltxcmds 2020-05-10 v1.25 LaTeX kernel commands for general use (HO)
) (C:\Users\USER\AppData\Local\Programs\MiKTeX\tex/latex/kvsetkeys\kvsetkeys.sty
Package: kvsetkeys 2022-10-05 v1.19 Key value parser (HO)
)) (C:\Users\USER\AppData\Local\Programs\MiKTeX\tex/generic/pdftexcmds\pdftexcmds.sty
Package: pdftexcmds 2020-06-27 v0.33 Utility functions of pdfTeX for LuaTeX (HO)
 (C:\Users\USER\AppData\Local\Programs\MiKTeX\tex/generic/iftex\iftex.sty
Package: iftex 2022/02/03 v1.0f TeX engine tests
)
Package pdftexcmds Info: \pdf@primitive is available.
Package pdftexcmds Info: \pdf@ifprimitive is available.
Package pdftexcmds Info: \pdfdraftmode found.
) (C:\Users\USER\AppData\Local\Programs\MiKTeX\tex/latex/epstopdf-pkg\epstopdf-base.sty
Package: epstopdf-base 2020-01-24 v2.11 Base part for package epstopdf
Package epstopdf-base Info: Redefining graphics rule for `.eps' on input line 485.
Package grfext Info: Graphics extension search list:
(grfext)             [.pdf,.png,.jpg,.mps,.jpeg,.jbig2,.jb2,.PDF,.PNG,.JPG,.JPEG,.JBIG2,.JB2,.eps]
(grfext)             \AppendGraphicsExtensions on input line 504.
 (C:\Users\USER\AppData\Local\Programs\MiKTeX\tex/latex/00miktex\epstopdf-sys.cfg
File: epstopdf-sys.cfg 2021/03/18 v2.0 Configuration of epstopdf for MiKTeX
))) (C:\Users\USER\AppData\Local\Programs\MiKTeX\tex/latex/subfigure\subfigure.sty
Package: subfigure 2002/07/30 v2.1.4 subfigure package
\subfigtopskip=\skip65
\subfigcapskip=\skip66
\subfigcaptopadj=\dimen165
\subfigbottomskip=\skip67
\subfigcapmargin=\dimen166
\subfiglabelskip=\skip68
\c@subfigure=\count276
\c@lofdepth=\count277
\c@subtable=\count278
\c@lotdepth=\count279

****************************************
* Local config file subfigure.cfg used *
****************************************
(C:\Users\USER\AppData\Local\Programs\MiKTeX\tex/latex/subfigure\subfigure.cfg)
\subfig@top=\skip69
\subfig@bottom=\skip70
) (C:\Users\USER\AppData\Local\Programs\MiKTeX\tex/latex/booktabs\booktabs.sty
Package: booktabs 2020/01/12 v1.61803398 Publication quality tables
\heavyrulewidth=\dimen167
\lightrulewidth=\dimen168
\cmidrulewidth=\dimen169
\belowrulesep=\dimen170
\belowbottomsep=\dimen171
\aboverulesep=\dimen172
\abovetopsep=\dimen173
\cmidrulesep=\dimen174
\cmidrulekern=\dimen175
\defaultaddspace=\dimen176
\@cmidla=\count280
\@cmidlb=\count281
\@aboverulesep=\dimen177
\@belowrulesep=\dimen178
\@thisruleclass=\count282
\@lastruleclass=\count283
\@thisrulewidth=\dimen179
) (C:\Users\USER\AppData\Local\Programs\MiKTeX\tex/latex/graphics\rotating.sty
Package: rotating 2016/08/11 v2.16d rotated objects in LaTeX
 (C:\Users\USER\AppData\Local\Programs\MiKTeX\tex/latex/base\ifthen.sty
Package: ifthen 2022/04/13 v1.1d Standard LaTeX ifthen package (DPC)
)
\c@r@tfl@t=\count284
\rotFPtop=\skip71
\rotFPbot=\skip72
\rot@float@box=\box53
\rot@mess@toks=\toks30
) (C:\Users\USER\AppData\Local\Programs\MiKTeX\tex/latex/listings\listings.sty
\lst@mode=\count285
\lst@gtempboxa=\box54
\lst@token=\toks31
\lst@length=\count286
\lst@currlwidth=\dimen180
\lst@column=\count287
\lst@pos=\count288
\lst@lostspace=\dimen181
\lst@width=\dimen182
\lst@newlines=\count289
\lst@lineno=\count290
\lst@maxwidth=\dimen183
 (lstpatch.sty) (C:\Users\USER\AppData\Local\Programs\MiKTeX\tex/latex/listings\lstmisc.sty
File: lstmisc.sty 2023/02/27 1.9 (Carsten Heinz)
\c@lstnumber=\count291
\lst@skipnumbers=\count292
\lst@framebox=\box55
) (C:\Users\USER\AppData\Local\Programs\MiKTeX\tex/latex/listings\listings.cfg
File: listings.cfg 2023/02/27 1.9 listings configuration
))
Package: listings 2023/02/27 1.9 (Carsten Heinz)
 (lstpatch.sty) (C:\Users\USER\AppData\Local\Programs\MiKTeX\tex/latex/hyperref\hyperref.sty
Package: hyperref 2023-06-25 v7.01a Hypertext links for LaTeX
 (C:\Users\USER\AppData\Local\Programs\MiKTeX\tex/generic/pdfescape\pdfescape.sty
Package: pdfescape 2019/12/09 v1.15 Implements pdfTeX's escape features (HO)
) (C:\Users\USER\AppData\Local\Programs\MiKTeX\tex/latex/hycolor\hycolor.sty
Package: hycolor 2020-01-27 v1.10 Color options for hyperref/bookmark (HO)
) (C:\Users\USER\AppData\Local\Programs\MiKTeX\tex/latex/letltxmacro\letltxmacro.sty
Package: letltxmacro 2019/12/03 v1.6 Let assignment for LaTeX macros (HO)
) (C:\Users\USER\AppData\Local\Programs\MiKTeX\tex/latex/auxhook\auxhook.sty
Package: auxhook 2019-12-17 v1.6 Hooks for auxiliary files (HO)
) (C:\Users\USER\AppData\Local\Programs\MiKTeX\tex/latex/hyperref\nameref.sty
Package: nameref 2023-06-18 v2.52 Cross-referencing by name of section
 (C:\Users\USER\AppData\Local\Programs\MiKTeX\tex/latex/refcount\refcount.sty
Package: refcount 2019/12/15 v3.6 Data extraction from label references (HO)
) (C:\Users\USER\AppData\Local\Programs\MiKTeX\tex/generic/gettitlestring\gettitlestring.sty
Package: gettitlestring 2019/12/15 v1.6 Cleanup title references (HO)
)
\c@section@level=\count293
) (C:\Users\USER\AppData\Local\Programs\MiKTeX\tex/latex/etoolbox\etoolbox.sty
Package: etoolbox 2020/10/05 v2.5k e-TeX tools for LaTeX (JAW)
\etb@tempcnta=\count294
)
\@linkdim=\dimen184
\Hy@linkcounter=\count295
\Hy@pagecounter=\count296
 (C:\Users\USER\AppData\Local\Programs\MiKTeX\tex/latex/hyperref\pd1enc.def
File: pd1enc.def 2023-06-25 v7.01a Hyperref: PDFDocEncoding definition (HO)
Now handling font encoding PD1 ...
... no UTF-8 mapping file for font encoding PD1
) (C:\Users\USER\AppData\Local\Programs\MiKTeX\tex/generic/intcalc\intcalc.sty
Package: intcalc 2019/12/15 v1.3 Expandable calculations with integers (HO)
)
\Hy@SavedSpaceFactor=\count297
 (C:\Users\USER\AppData\Local\Programs\MiKTeX\tex/latex/hyperref\puenc.def
File: puenc.def 2023-06-25 v7.01a Hyperref: PDF Unicode definition (HO)
Now handling font encoding PU ...
... no UTF-8 mapping file for font encoding PU
)
Package hyperref Info: Option `bookmarks' set `true' on input line 4050.
Package hyperref Info: Option `bookmarksopen' set `true' on input line 4050.
Package hyperref Info: Option `bookmarksnumbered' set `true' on input line 4050.
Package hyperref Info: Option `hypertexnames' set `false' on input line 4050.
Package hyperref Info: Option `colorlinks' set `true' on input line 4050.
Package hyperref Info: Option `unicode' set `true' on input line 4050.
Package hyperref Info: Option `breaklinks' set `true' on input line 4050.
Package hyperref Info: Hyper figures OFF on input line 4167.
Package hyperref Info: Link nesting OFF on input line 4172.
Package hyperref Info: Hyper index ON on input line 4175.
Package hyperref Info: Plain pages OFF on input line 4182.
Package hyperref Info: Backreferencing OFF on input line 4187.
Package hyperref Info: Implicit mode ON; LaTeX internals redefined.
Package hyperref Info: Bookmarks ON on input line 4434.
\c@Hy@tempcnt=\count298
 (C:\Users\USER\AppData\Local\Programs\MiKTeX\tex/latex/url\url.sty
\Urlmuskip=\muskip17
Package: url 2013/09/16  ver 3.4  Verb mode for urls, etc.
)
LaTeX Info: Redefining \url on input line 4772.
\XeTeXLinkMargin=\dimen185
 (C:\Users\USER\AppData\Local\Programs\MiKTeX\tex/generic/bitset\bitset.sty
Package: bitset 2019/12/09 v1.3 Handle bit-vector datatype (HO)
 (C:\Users\USER\AppData\Local\Programs\MiKTeX\tex/generic/bigintcalc\bigintcalc.sty
Package: bigintcalc 2019/12/15 v1.5 Expandable calculations on big integers (HO)
))
\Fld@menulength=\count299
\Field@Width=\dimen186
\Fld@charsize=\dimen187
Package hyperref Info: Hyper figures OFF on input line 6051.
Package hyperref Info: Link nesting OFF on input line 6056.
Package hyperref Info: Hyper index ON on input line 6059.
Package hyperref Info: backreferencing OFF on input line 6066.
Package hyperref Info: Link coloring ON on input line 6069.
Package hyperref Info: Link coloring with OCG OFF on input line 6076.
Package hyperref Info: PDF/A mode OFF on input line 6081.
 (C:\Users\USER\AppData\Local\Programs\MiKTeX\tex/latex/base\atbegshi-ltx.sty
Package: atbegshi-ltx 2021/01/10 v1.0c Emulation of the original atbegshi
package with kernel methods
)
\Hy@abspage=\count300
\c@Item=\count301
\c@Hfootnote=\count302
)
Package hyperref Info: Driver (autodetected): hpdftex.
 (C:\Users\USER\AppData\Local\Programs\MiKTeX\tex/latex/hyperref\hpdftex.def
File: hpdftex.def 2023-06-25 v7.01a Hyperref driver for pdfTeX
 (C:\Users\USER\AppData\Local\Programs\MiKTeX\tex/latex/base\atveryend-ltx.sty
Package: atveryend-ltx 2020/08/19 v1.0a Emulation of the original atveryend package
with kernel methods
)
\Fld@listcount=\count303
\c@bookmark@seq@number=\count304
 (C:\Users\USER\AppData\Local\Programs\MiKTeX\tex/latex/rerunfilecheck\rerunfilecheck.sty
Package: rerunfilecheck 2022-07-10 v1.10 Rerun checks for auxiliary files (HO)
 (C:\Users\USER\AppData\Local\Programs\MiKTeX\tex/generic/uniquecounter\uniquecounter.sty
Package: uniquecounter 2019/12/15 v1.4 Provide unlimited unique counter (HO)
)
Package uniquecounter Info: New unique counter `rerunfilecheck' on input line 285.
)
\Hy@SectionHShift=\skip73
)
\c@dummy=\count305
 (C:\Users\USER\AppData\Local\Programs\MiKTeX\tex/latex/tools\longtable.sty
Package: longtable 2021-09-01 v4.17 Multi-page Table package (DPC)
\LTleft=\skip74
\LTright=\skip75
\LTpre=\skip76
\LTpost=\skip77
\LTchunksize=\count306
\LTcapwidth=\dimen188
\LT@head=\box56
\LT@firsthead=\box57
\LT@foot=\box58
\LT@lastfoot=\box59
\LT@gbox=\box60
\LT@cols=\count307
\LT@rows=\count308
\c@LT@tables=\count309
\c@LT@chunks=\count310
\LT@p@ftn=\toks32
)) (C:\Users\USER\AppData\Local\Programs\MiKTeX\tex/latex/natbib\natbib.sty
Package: natbib 2010/09/13 8.31b (PWD, AO)
\bibhang=\skip78
\bibsep=\skip79
LaTeX Info: Redefining \cite on input line 694.
\c@NAT@ctr=\count311
) (C:\Users\USER\AppData\Local\Programs\MiKTeX\tex/latex/tocbibind\tocbibind.sty
Package: tocbibind 2010/10/13 v1.5k extra ToC listings
Package tocbibind Info: The document has chapter divisions on input line 50.


Package tocbibind Note: Using chapter style headings, unless overridden.

) (C:\Users\USER\AppData\Local\Programs\MiKTeX\tex/latex/tools\verbatim.sty
Package: verbatim 2022-07-02 v1.5u LaTeX2e package for verbatim enhancements
\every@verbatim=\toks33
\verbatim@line=\toks34
\verbatim@in@stream=\read2
) (vector.sty) (C:\Users\USER\AppData\Local\Programs\MiKTeX\tex/latex/xcolor\xcolor.sty
Package: xcolor 2022/06/12 v2.14 LaTeX color extensions (UK)
 (C:\Users\USER\AppData\Local\Programs\MiKTeX\tex/latex/graphics-cfg\color.cfg
File: color.cfg 2016/01/02 v1.6 sample color configuration
)
Package xcolor Info: Driver file: pdftex.def on input line 227.
 (C:\Users\USER\AppData\Local\Programs\MiKTeX\tex/latex/colortbl\colortbl.sty
Package: colortbl 2022/06/20 v1.0f Color table columns (DPC)
 (C:\Users\USER\AppData\Local\Programs\MiKTeX\tex/latex/tools\array.sty
Package: array 2022/09/04 v2.5g Tabular extension package (FMi)
\col@sep=\dimen189
\ar@mcellbox=\box61
\extrarowheight=\dimen190
\NC@list=\toks35
\extratabsurround=\skip80
\backup@length=\skip81
\ar@cellbox=\box62
)
\everycr=\toks36
\minrowclearance=\skip82
\rownum=\count312
) (C:\Users\USER\AppData\Local\Programs\MiKTeX\tex/latex/graphics\mathcolor.ltx)
Package xcolor Info: Model `cmy' substituted by `cmy0' on input line 1353.
Package xcolor Info: Model `hsb' substituted by `rgb' on input line 1357.
Package xcolor Info: Model `RGB' extended on input line 1369.
Package xcolor Info: Model `HTML' substituted by `rgb' on input line 1371.
Package xcolor Info: Model `Hsb' substituted by `hsb' on input line 1372.
Package xcolor Info: Model `tHsb' substituted by `hsb' on input line 1373.
Package xcolor Info: Model `HSB' substituted by `hsb' on input line 1374.
Package xcolor Info: Model `Gray' substituted by `gray' on input line 1375.
Package xcolor Info: Model `wave' substituted by `hsb' on input line 1376.
) (C:\Users\USER\AppData\Local\Programs\MiKTeX\tex/latex/listings\lstlang1.sty
File: lstlang1.sty 2023/02/27 1.9 listings language file
)
Package hyperref Info: Option `colorlinks' set `true' on input line 33.
 (C:\Users\USER\AppData\Local\Programs\MiKTeX\tex/latex/l3backend\l3backend-pdftex.def
File: l3backend-pdftex.def 2023-04-19 L3 backend support: PDF output (pdfTeX)
\l__color_backend_stack_int=\count313
\l__pdf_internal_box=\box63
) (Thesis.aux)
\openout1 = `Thesis.aux'.

LaTeX Font Info:    Checking defaults for OML/cmm/m/it on input line 39.
LaTeX Font Info:    ... okay on input line 39.
LaTeX Font Info:    Checking defaults for OMS/cmsy/m/n on input line 39.
LaTeX Font Info:    ... okay on input line 39.
LaTeX Font Info:    Checking defaults for OT1/cmr/m/n on input line 39.
LaTeX Font Info:    ... okay on input line 39.
LaTeX Font Info:    Checking defaults for T1/cmr/m/n on input line 39.
LaTeX Font Info:    ... okay on input line 39.
LaTeX Font Info:    Checking defaults for TS1/cmr/m/n on input line 39.
LaTeX Font Info:    ... okay on input line 39.
LaTeX Font Info:    Checking defaults for OMX/cmex/m/n on input line 39.
LaTeX Font Info:    ... okay on input line 39.
LaTeX Font Info:    Checking defaults for U/cmr/m/n on input line 39.
LaTeX Font Info:    ... okay on input line 39.
LaTeX Font Info:    Checking defaults for PD1/pdf/m/n on input line 39.
LaTeX Font Info:    ... okay on input line 39.
LaTeX Font Info:    Checking defaults for PU/pdf/m/n on input line 39.
LaTeX Font Info:    ... okay on input line 39.
Package caption Info: Begin \AtBeginDocument code.
Package caption Info: hyperref package is loaded.
Package caption Info: listings package is loaded.
Package caption Info: longtable package is loaded.
 (C:\Users\USER\AppData\Local\Programs\MiKTeX\tex/latex/caption\ltcaption.sty
Package: ltcaption 2021/01/08 v1.4c longtable captions (AR)
)
Package caption Info: rotating package is loaded.
Package caption Info: subfigure package is loaded.
Package caption Info: End \AtBeginDocument code.
 (C:\Users\USER\AppData\Local\Programs\MiKTeX\tex/context/base/mkii\supp-pdf.mkii
[Loading MPS to PDF converter (version 2006.09.02).]
\scratchcounter=\count314
\scratchdimen=\dimen191
\scratchbox=\box64
\nofMPsegments=\count315
\nofMParguments=\count316
\everyMPshowfont=\toks37
\MPscratchCnt=\count317
\MPscratchDim=\dimen192
\MPnumerator=\count318
\makeMPintoPDFobject=\count319
\everyMPtoPDFconversion=\toks38
)
\c@lstlisting=\count320
Package hyperref Info: Link coloring ON on input line 39.
 (Thesis.out) (Thesis.out)
\@outlinefile=\write3
\openout3 = `Thesis.out'.


------------------------------------------------------------------------------
 Title Page
------------------------------------------------------------------------------
<Figures/MTU_Logo.png, id=291, 225.84375pt x 225.84375pt>
File: Figures/MTU_Logo.png Graphic file (type png)
<use Figures/MTU_Logo.png>
Package pdftex.def Info: Figures/MTU_Logo.png  used on input line 52.
(pdftex.def)             Requested size: 292.22987pt x 292.26663pt.
[1



{C:/Users/USER/AppData/Local/MiKTeX/fonts/map/pdftex/pdftex.map} <./Figures/MTU_Logo.png>]
------------------------------------------------------------------------------
 Declaration of Authorship
------------------------------------------------------------------------------
LaTeX Font Info:    Trying to load font information for U+msa on input line 93.
(C:\Users\USER\AppData\Local\Programs\MiKTeX\tex/latex/amsfonts\umsa.fd
File: umsa.fd 2013/01/14 v3.01 AMS symbols A
)
LaTeX Font Info:    Trying to load font information for U+msb on input line 93.
 (C:\Users\USER\AppData\Local\Programs\MiKTeX\tex/latex/amsfonts\umsb.fd
File: umsb.fd 2013/01/14 v3.01 AMS symbols B
)
Underfull \hbox (badness 10000) in paragraph at lines 93--93

 []

[1

]
------------------------------------------------------------------------------
 Abstract Page
------------------------------------------------------------------------------

Package hyperref Warning: Suppressing empty link on input line 100.

[2

]
------------------------------------------------------------------------------
 Acknowledgements
------------------------------------------------------------------------------
[3

]
------------------------------------------------------------------------------
 Table of Contents
------------------------------------------------------------------------------
(Thesis.toc [4


] [5])
\tf@toc=\write4
\openout4 = `Thesis.toc'.

 [6] (Thesis.lof [7


])
\tf@lof=\write5
\openout5 = `Thesis.lof'.


------------------------------------------------------------------------------
 List of Code Listings
------------------------------------------------------------------------------
[8] (Thesis.lol)
\tf@lol=\write6
\openout6 = `Thesis.lol'.

 [9

] (Thesis.lot)
\tf@lot=\write7
\openout7 = `Thesis.lot'.

 [10


]
------------------------------------------------------------------------------
 Abbreviations
------------------------------------------------------------------------------
[11


]
------------------------------------------------------------------------------
 Dedicatory
------------------------------------------------------------------------------
[12

] (Chapters/Chapter1.tex
Chapter 1.
------------------------------------------------------------------------------
 1 Introduction
------------------------------------------------------------------------------
<Figures/start_pics/IMG-20200219-WA0002.jpg, id=520, 1204.5pt x 1606.0pt>
File: Figures/start_pics/IMG-20200219-WA0002.jpg Graphic file (type jpg)
<use Figures/start_pics/IMG-20200219-WA0002.jpg>
Package pdftex.def Info: Figures/start_pics/IMG-20200219-WA0002.jpg  used on input line 16.
(pdftex.def)             Requested size: 62.61781pt x 68.49303pt.
<Figures/start_pics/IMG-20200220-WA0000.jpg, id=521, 1204.5pt x 1606.0pt>
File: Figures/start_pics/IMG-20200220-WA0000.jpg Graphic file (type jpg)
<use Figures/start_pics/IMG-20200220-WA0000.jpg>
Package pdftex.def Info: Figures/start_pics/IMG-20200220-WA0000.jpg  used on input line 16.
(pdftex.def)             Requested size: 62.61781pt x 68.49303pt.
<Figures/start_pics/IMG-20200220-WA0002.jpg, id=522, 1606.0pt x 1204.5pt>
File: Figures/start_pics/IMG-20200220-WA0002.jpg Graphic file (type jpg)
<use Figures/start_pics/IMG-20200220-WA0002.jpg>
Package pdftex.def Info: Figures/start_pics/IMG-20200220-WA0002.jpg  used on input line 16.
(pdftex.def)             Requested size: 62.6117pt x 68.49915pt.
<Figures/start_pics/IMG-20200220-WA0003.jpg, id=523, 1606.0pt x 1204.5pt>
File: Figures/start_pics/IMG-20200220-WA0003.jpg Graphic file (type jpg)
<use Figures/start_pics/IMG-20200220-WA0003.jpg>
Package pdftex.def Info: Figures/start_pics/IMG-20200220-WA0003.jpg  used on input line 17.
(pdftex.def)             Requested size: 62.6117pt x 68.49915pt.
<Figures/start_pics/IMG-20200220-WA0004.jpg, id=524, 1606.0pt x 1204.5pt>
File: Figures/start_pics/IMG-20200220-WA0004.jpg Graphic file (type jpg)
<use Figures/start_pics/IMG-20200220-WA0004.jpg>
Package pdftex.def Info: Figures/start_pics/IMG-20200220-WA0004.jpg  used on input line 17.
(pdftex.def)             Requested size: 62.6117pt x 68.49915pt.
<Figures/start_pics/IMG-20200220-WA0005.jpg, id=525, 1606.0pt x 1204.5pt>
File: Figures/start_pics/IMG-20200220-WA0005.jpg Graphic file (type jpg)
<use Figures/start_pics/IMG-20200220-WA0005.jpg>
Package pdftex.def Info: Figures/start_pics/IMG-20200220-WA0005.jpg  used on input line 17.
(pdftex.def)             Requested size: 62.6117pt x 68.49915pt.
<Figures/start_pics/IMG-20200220-WA0006.jpg, id=526, 1606.0pt x 1204.5pt>
File: Figures/start_pics/IMG-20200220-WA0006.jpg Graphic file (type jpg)
<use Figures/start_pics/IMG-20200220-WA0006.jpg>
Package pdftex.def Info: Figures/start_pics/IMG-20200220-WA0006.jpg  used on input line 18.
(pdftex.def)             Requested size: 62.6117pt x 68.49915pt.
<Figures/start_pics/IMG-20200220-WA0007.jpg, id=527, 1204.5pt x 1606.0pt>
File: Figures/start_pics/IMG-20200220-WA0007.jpg Graphic file (type jpg)
<use Figures/start_pics/IMG-20200220-WA0007.jpg>
Package pdftex.def Info: Figures/start_pics/IMG-20200220-WA0007.jpg  used on input line 18.
(pdftex.def)             Requested size: 62.61781pt x 68.49303pt.
<Figures/start_pics/IMG-20200220-WA0009.jpg, id=528, 1204.5pt x 1606.0pt>
File: Figures/start_pics/IMG-20200220-WA0009.jpg Graphic file (type jpg)
<use Figures/start_pics/IMG-20200220-WA0009.jpg>
Package pdftex.def Info: Figures/start_pics/IMG-20200220-WA0009.jpg  used on input line 18.
(pdftex.def)             Requested size: 62.61781pt x 68.49303pt.
<Figures/start_pics/IMG-20200220-WA0010.jpg, id=529, 1204.5pt x 1606.0pt>
File: Figures/start_pics/IMG-20200220-WA0010.jpg Graphic file (type jpg)
<use Figures/start_pics/IMG-20200220-WA0010.jpg>
Package pdftex.def Info: Figures/start_pics/IMG-20200220-WA0010.jpg  used on input line 19.
(pdftex.def)             Requested size: 62.61781pt x 68.49303pt.
<Figures/start_pics/IMG-20200220-WA0011.jpg, id=530, 1606.0pt x 1204.5pt>
File: Figures/start_pics/IMG-20200220-WA0011.jpg Graphic file (type jpg)
<use Figures/start_pics/IMG-20200220-WA0011.jpg>
Package pdftex.def Info: Figures/start_pics/IMG-20200220-WA0011.jpg  used on input line 19.
(pdftex.def)             Requested size: 62.6117pt x 68.49915pt.
<Figures/start_pics/IMG-20200220-WA0013.jpg, id=531, 1606.0pt x 1204.5pt>
File: Figures/start_pics/IMG-20200220-WA0013.jpg Graphic file (type jpg)
<use Figures/start_pics/IMG-20200220-WA0013.jpg>
Package pdftex.def Info: Figures/start_pics/IMG-20200220-WA0013.jpg  used on input line 19.
(pdftex.def)             Requested size: 62.6117pt x 68.49915pt.
[1



] [2 <./Figures/start_pics/IMG-20200219-WA0002.jpg> <./Figures/start_pics/IMG-20200220-WA0000.jpg> <./Figures/start_pics/IMG-20200220-WA0002.jpg> <./Figures/start_pics/IMG-20200220-WA0003.jpg> <./Figures/start_pics/IMG-20200220-WA0004.jpg> <./Figures/start_pics/IMG-20200220-WA0005.jpg> <./Figures/start_pics/IMG-20200220-WA0006.jpg> <./Figures/start_pics/IMG-20200220-WA0007.jpg> <./Figures/start_pics/IMG-20200220-WA0009.jpg> <./Figures/start_pics/IMG-20200220-WA0010.jpg> <./Figures/start_pics/IMG-20200220-WA0011.jpg> <./Figures/start_pics/IMG-20200220-WA0013.jpg>] [3] [4] [5]) (Chapters/Chapter2.tex [6]
Chapter 2.
------------------------------------------------------------------------------
 2 Literature Review
------------------------------------------------------------------------------
[7

] [8]
<Figures/tesseract_ocr.jpg, id=578, 960.58875pt x 515.67656pt>
File: Figures/tesseract_ocr.jpg Graphic file (type jpg)
<use Figures/tesseract_ocr.jpg>
Package pdftex.def Info: Figures/tesseract_ocr.jpg  used on input line 32.
(pdftex.def)             Requested size: 250.48637pt x 134.46617pt.
 [9 <./Figures/tesseract_ocr.jpg>]
<Figures/tesseract_papers/Andersson_2022.jpg, id=586, 860.46469pt x 274.02374pt>
File: Figures/tesseract_papers/Andersson_2022.jpg Graphic file (type jpg)
<use Figures/tesseract_papers/Andersson_2022.jpg>
Package pdftex.def Info: Figures/tesseract_papers/Andersson_2022.jpg  used on input line 44.
(pdftex.def)             Requested size: 367.37833pt x 116.99583pt.
<Figures/tesseract_papers/Ahuja_2021.jpg, id=590, 814.54312pt x 207.77625pt>
File: Figures/tesseract_papers/Ahuja_2021.jpg Graphic file (type jpg)
<use Figures/tesseract_papers/Ahuja_2021.jpg>
Package pdftex.def Info: Figures/tesseract_papers/Ahuja_2021.jpg  used on input line 62.
(pdftex.def)             Requested size: 367.37833pt x 93.71085pt.
 [10 <./Figures/tesseract_papers/Andersson_2022.jpg>]
<Figures/tesseract_papers/Giridhar_2019.jpg, id=598, 883.80188pt x 454.69875pt>
File: Figures/tesseract_papers/Giridhar_2019.jpg Graphic file (type jpg)
<use Figures/tesseract_papers/Giridhar_2019.jpg>
Package pdftex.def Info: Figures/tesseract_papers/Giridhar_2019.jpg  used on input line 80.
(pdftex.def)             Requested size: 367.37833pt x 189.00867pt.
 [11 <./Figures/tesseract_papers/Ahuja_2021.jpg>]
<Figures/tesseract_papers/Cakic_2020.jpg, id=605, 608.2725pt x 260.47313pt>
File: Figures/tesseract_papers/Cakic_2020.jpg Graphic file (type jpg)
<use Figures/tesseract_papers/Cakic_2020.jpg>
Package pdftex.def Info: Figures/tesseract_papers/Cakic_2020.jpg  used on input line 97.
(pdftex.def)             Requested size: 367.37833pt x 157.32242pt.
 [12 <./Figures/tesseract_papers/Giridhar_2019.jpg>]
<Figures/tesseract_papers/Robby_2019.jpg, id=613, 2323.93219pt x 258.21469pt>
File: Figures/tesseract_papers/Robby_2019.jpg Graphic file (type jpg)
<use Figures/tesseract_papers/Robby_2019.jpg>
Package pdftex.def Info: Figures/tesseract_papers/Robby_2019.jpg  used on input line 108.
(pdftex.def)             Requested size: 367.37833pt x 40.81874pt.
 [13 <./Figures/tesseract_papers/Cakic_2020.jpg> <./Figures/tesseract_papers/Robby_2019.jpg>] [14] [15]
<Figures/CRNN_Papers/Biro_2023.jpg, id=635, 1596.71532pt x 590.95781pt>
File: Figures/CRNN_Papers/Biro_2023.jpg Graphic file (type jpg)
<use Figures/CRNN_Papers/Biro_2023.jpg>
Package pdftex.def Info: Figures/CRNN_Papers/Biro_2023.jpg  used on input line 141.
(pdftex.def)             Requested size: 367.37833pt x 135.97153pt.
 [16 <./Figures/CRNN_Papers/Biro_2023.jpg>]
<Figures/CRNN_Papers/Shinde_2020.jpg, id=644, 1241.38782pt x 371.88937pt>
File: Figures/CRNN_Papers/Shinde_2020.jpg Graphic file (type jpg)
<use Figures/CRNN_Papers/Shinde_2020.jpg>
Package pdftex.def Info: Figures/CRNN_Papers/Shinde_2020.jpg  used on input line 155.
(pdftex.def)             Requested size: 367.37833pt x 110.05823pt.
 [17 <./Figures/CRNN_Papers/Shinde_2020.jpg>]
<Figures/CRNN_Papers/Rawl_2018.jpg, id=652, 1015.54407pt x 1206.00563pt>
File: Figures/CRNN_Papers/Rawl_2018.jpg Graphic file (type jpg)
<use Figures/CRNN_Papers/Rawl_2018.jpg>
Package pdftex.def Info: Figures/CRNN_Papers/Rawl_2018.jpg  used on input line 171.
(pdftex.def)             Requested size: 242.13513pt x 287.53343pt.
 [18 <./Figures/CRNN_Papers/Rawl_2018.jpg>]
<Figures/CRNN_Papers/Feng_2020.jpg, id=661, 822.82407pt x 1014.03844pt>
File: Figures/CRNN_Papers/Feng_2020.jpg Graphic file (type jpg)
<use Figures/CRNN_Papers/Feng_2020.jpg>
Package pdftex.def Info: Figures/CRNN_Papers/Feng_2020.jpg  used on input line 185.
(pdftex.def)             Requested size: 242.13513pt x 298.39604pt.
 [19 <./Figures/CRNN_Papers/Feng_2020.jpg>]
<Figures/CRNN_Papers/Azadbakht_2022.jpg, id=669, 1222.5675pt x 719.68875pt>
File: Figures/CRNN_Papers/Azadbakht_2022.jpg Graphic file (type jpg)
<use Figures/CRNN_Papers/Azadbakht_2022.jpg>
Package pdftex.def Info: Figures/CRNN_Papers/Azadbakht_2022.jpg  used on input line 199.
(pdftex.def)             Requested size: 325.62848pt x 191.68298pt.
 [20 <./Figures/CRNN_Papers/Azadbakht_2022.jpg>]
<Figures/LSTM_Breuel.jpg, id=678, 435.87843pt x 237.88875pt>
File: Figures/LSTM_Breuel.jpg Graphic file (type jpg)
<use Figures/LSTM_Breuel.jpg>
Package pdftex.def Info: Figures/LSTM_Breuel.jpg  used on input line 218.
(pdftex.def)             Requested size: 333.97972pt x 182.27467pt.
 [21 <./Figures/LSTM_Breuel.jpg>]
<Figures/Trans_MLi.jpg, id=686, 855.94781pt x 411.78844pt>
File: Figures/Trans_MLi.jpg Graphic file (type jpg)
<use Figures/Trans_MLi.jpg>
Package pdftex.def Info: Figures/Trans_MLi.jpg  used on input line 237.
(pdftex.def)             Requested size: 250.48637pt x 120.50261pt.
 [22 <./Figures/Trans_MLi.jpg>]
<Figures/AT_Li.jpg, id=694, 773.13844pt x 518.6878pt>
File: Figures/AT_Li.jpg Graphic file (type jpg)
<use Figures/AT_Li.jpg>
Package pdftex.def Info: Figures/AT_Li.jpg  used on input line 261.
(pdftex.def)             Requested size: 250.48637pt x 168.04918pt.
 [23 <./Figures/AT_Li.jpg>]
<Figures/RB_Doush.jpg, id=702, 341.02406pt x 305.64188pt>
File: Figures/RB_Doush.jpg Graphic file (type jpg)
<use Figures/RB_Doush.jpg>
Package pdftex.def Info: Figures/RB_Doush.jpg  used on input line 282.
(pdftex.def)             Requested size: 250.48637pt x 224.50182pt.
 [24 <./Figures/RB_Doush.jpg>]
<Figures/SVM_Joshua.jpg, id=711, 376.40625pt x 261.97874pt>
File: Figures/SVM_Joshua.jpg Graphic file (type jpg)
<use Figures/SVM_Joshua.jpg>
Package pdftex.def Info: Figures/SVM_Joshua.jpg  used on input line 301.
(pdftex.def)             Requested size: 333.97972pt x 232.46478pt.
 [25 <./Figures/SVM_Joshua.jpg>]
<Figures/HMM_Rashid.jpg, id=718, 618.05907pt x 316.93407pt>
File: Figures/HMM_Rashid.jpg Graphic file (type jpg)
<use Figures/HMM_Rashid.jpg>
Package pdftex.def Info: Figures/HMM_Rashid.jpg  used on input line 322.
(pdftex.def)             Requested size: 333.97972pt x 171.26758pt.
 [26 <./Figures/HMM_Rashid.jpg>]
<Figures/KNN_Hazra.jpg, id=727, 397.485pt x 247.67531pt>
File: Figures/KNN_Hazra.jpg Graphic file (type jpg)
<use Figures/KNN_Hazra.jpg>
Package pdftex.def Info: Figures/KNN_Hazra.jpg  used on input line 339.
(pdftex.def)             Requested size: 333.97972pt x 208.11008pt.
 [27 <./Figures/KNN_Hazra.jpg>]
<Figures/TM_Hossain.jpg, id=734, 336.50719pt x 509.65407pt>
File: Figures/TM_Hossain.jpg Graphic file (type jpg)
<use Figures/TM_Hossain.jpg>
Package pdftex.def Info: Figures/TM_Hossain.jpg  used on input line 356.
(pdftex.def)             Requested size: 166.98668pt x 252.90556pt.
 [28 <./Figures/TM_Hossain.jpg>] [29]) (Chapters/Chapter3.tex [30]
Chapter 3.
------------------------------------------------------------------------------
 3 Methodology
------------------------------------------------------------------------------
[31

] [32] [33] [34]
<Figures/EDA_Charts/2/montage.png, id=783, 352.6776pt x 281.1303pt>
File: Figures/EDA_Charts/2/montage.png Graphic file (type png)
<use Figures/EDA_Charts/2/montage.png>
Package pdftex.def Info: Figures/EDA_Charts/2/montage.png  used on input line 79.
(pdftex.def)             Requested size: 104.36826pt x 83.19438pt.
<Figures/EDA_Charts/2/rgb.png, id=785, 412.6617pt x 328.8285pt>
File: Figures/EDA_Charts/2/rgb.png Graphic file (type png)
<use Figures/EDA_Charts/2/rgb.png>
Package pdftex.def Info: Figures/EDA_Charts/2/rgb.png  used on input line 84.
(pdftex.def)             Requested size: 104.36826pt x 83.16527pt.
<Figures/EDA_Charts/2/da.png, id=786, 1443.2319pt x 714.7503pt>
File: Figures/EDA_Charts/2/da.png Graphic file (type png)
<use Figures/EDA_Charts/2/da.png>
Package pdftex.def Info: Figures/EDA_Charts/2/da.png  used on input line 89.
(pdftex.def)             Requested size: 208.73653pt x 103.36893pt.
<Figures/EDA_Charts/3/montage.png, id=787, 352.6776pt x 281.1303pt>
File: Figures/EDA_Charts/3/montage.png Graphic file (type png)
<use Figures/EDA_Charts/3/montage.png>
Package pdftex.def Info: Figures/EDA_Charts/3/montage.png  used on input line 105.
(pdftex.def)             Requested size: 104.36826pt x 83.19438pt.
<Figures/EDA_Charts/3/rgb.png, id=788, 412.6617pt x 328.8285pt>
File: Figures/EDA_Charts/3/rgb.png Graphic file (type png)
<use Figures/EDA_Charts/3/rgb.png>
Package pdftex.def Info: Figures/EDA_Charts/3/rgb.png  used on input line 110.
(pdftex.def)             Requested size: 104.36826pt x 83.16527pt.
<Figures/EDA_Charts/3/da.png, id=789, 1446.1227pt x 714.7503pt>
File: Figures/EDA_Charts/3/da.png Graphic file (type png)
<use Figures/EDA_Charts/3/da.png>
Package pdftex.def Info: Figures/EDA_Charts/3/da.png  used on input line 115.
(pdftex.def)             Requested size: 208.73653pt x 103.16171pt.
 [35 <./Figures/EDA_Charts/2/montage.png> <./Figures/EDA_Charts/2/rgb.png> <./Figures/EDA_Charts/2/da.png> <./Figures/EDA_Charts/3/montage.png> <./Figures/EDA_Charts/3/rgb.png> <./Figures/EDA_Charts/3/da.png>]
<Figures/EDA_Charts/4/montage.png, id=800, 372.9132pt x 221.8689pt>
File: Figures/EDA_Charts/4/montage.png Graphic file (type png)
<use Figures/EDA_Charts/4/montage.png>
Package pdftex.def Info: Figures/EDA_Charts/4/montage.png  used on input line 133.
(pdftex.def)             Requested size: 104.36826pt x 62.09578pt.
<Figures/EDA_Charts/4/rgb.png, id=801, 412.6617pt x 328.8285pt>
File: Figures/EDA_Charts/4/rgb.png Graphic file (type png)
<use Figures/EDA_Charts/4/rgb.png>
Package pdftex.def Info: Figures/EDA_Charts/4/rgb.png  used on input line 138.
(pdftex.def)             Requested size: 104.36826pt x 83.16527pt.
<Figures/EDA_Charts/4/da.png, id=802, 1449.7362pt x 714.7503pt>
File: Figures/EDA_Charts/4/da.png Graphic file (type png)
<use Figures/EDA_Charts/4/da.png>
Package pdftex.def Info: Figures/EDA_Charts/4/da.png  used on input line 143.
(pdftex.def)             Requested size: 208.73653pt x 102.91087pt.
<Figures/EDA_Charts/5/montage.png, id=803, 352.6776pt x 281.1303pt>
File: Figures/EDA_Charts/5/montage.png Graphic file (type png)
<use Figures/EDA_Charts/5/montage.png>
Package pdftex.def Info: Figures/EDA_Charts/5/montage.png  used on input line 159.
(pdftex.def)             Requested size: 104.36826pt x 83.19438pt.
<Figures/EDA_Charts/5/rgb.png, id=804, 412.6617pt x 328.8285pt>
File: Figures/EDA_Charts/5/rgb.png Graphic file (type png)
<use Figures/EDA_Charts/5/rgb.png>
Package pdftex.def Info: Figures/EDA_Charts/5/rgb.png  used on input line 164.
(pdftex.def)             Requested size: 104.36826pt x 83.16527pt.
<Figures/EDA_Charts/5/da.png, id=805, 1450.4589pt x 714.7503pt>
File: Figures/EDA_Charts/5/da.png Graphic file (type png)
<use Figures/EDA_Charts/5/da.png>
Package pdftex.def Info: Figures/EDA_Charts/5/da.png  used on input line 169.
(pdftex.def)             Requested size: 208.73653pt x 102.85634pt.
 [36 <./Figures/EDA_Charts/4/montage.png> <./Figures/EDA_Charts/4/rgb.png> <./Figures/EDA_Charts/4/da.png> <./Figures/EDA_Charts/5/montage.png> <./Figures/EDA_Charts/5/rgb.png> <./Figures/EDA_Charts/5/da.png>]
<Figures/EDA_Charts/6/montage.png, id=817, 372.9132pt x 221.8689pt>
File: Figures/EDA_Charts/6/montage.png Graphic file (type png)
<use Figures/EDA_Charts/6/montage.png>
Package pdftex.def Info: Figures/EDA_Charts/6/montage.png  used on input line 186.
(pdftex.def)             Requested size: 104.36826pt x 62.09578pt.
<Figures/EDA_Charts/6/rgb.png, id=818, 412.6617pt x 328.8285pt>
File: Figures/EDA_Charts/6/rgb.png Graphic file (type png)
<use Figures/EDA_Charts/6/rgb.png>
Package pdftex.def Info: Figures/EDA_Charts/6/rgb.png  used on input line 191.
(pdftex.def)             Requested size: 104.36826pt x 83.16527pt.
<Figures/EDA_Charts/6/da.png, id=819, 1449.7362pt x 714.7503pt>
File: Figures/EDA_Charts/6/da.png Graphic file (type png)
<use Figures/EDA_Charts/6/da.png>
Package pdftex.def Info: Figures/EDA_Charts/6/da.png  used on input line 196.
(pdftex.def)             Requested size: 208.73653pt x 102.91087pt.
<Figures/EDA_Charts/7/montage.png, id=820, 372.9132pt x 221.8689pt>
File: Figures/EDA_Charts/7/montage.png Graphic file (type png)
<use Figures/EDA_Charts/7/montage.png>
Package pdftex.def Info: Figures/EDA_Charts/7/montage.png  used on input line 213.
(pdftex.def)             Requested size: 104.36826pt x 62.09578pt.
<Figures/EDA_Charts/7/rgb.png, id=821, 412.6617pt x 328.8285pt>
File: Figures/EDA_Charts/7/rgb.png Graphic file (type png)
<use Figures/EDA_Charts/7/rgb.png>
Package pdftex.def Info: Figures/EDA_Charts/7/rgb.png  used on input line 218.
(pdftex.def)             Requested size: 104.36826pt x 83.16527pt.
<Figures/EDA_Charts/7/da.png, id=822, 1449.7362pt x 714.7503pt>
File: Figures/EDA_Charts/7/da.png Graphic file (type png)
<use Figures/EDA_Charts/7/da.png>
Package pdftex.def Info: Figures/EDA_Charts/7/da.png  used on input line 223.
(pdftex.def)             Requested size: 208.73653pt x 102.91087pt.
 [37 <./Figures/EDA_Charts/6/montage.png> <./Figures/EDA_Charts/6/rgb.png> <./Figures/EDA_Charts/6/da.png> <./Figures/EDA_Charts/7/montage.png> <./Figures/EDA_Charts/7/rgb.png> <./Figures/EDA_Charts/7/da.png>]
<Figures/EDA_Charts/8/montage.png, id=833, 372.9132pt x 264.5082pt>
File: Figures/EDA_Charts/8/montage.png Graphic file (type png)
<use Figures/EDA_Charts/8/montage.png>
Package pdftex.def Info: Figures/EDA_Charts/8/montage.png  used on input line 241.
(pdftex.def)             Requested size: 104.36826pt x 74.0295pt.
<Figures/EDA_Charts/8/rgb.png, id=834, 412.6617pt x 328.8285pt>
File: Figures/EDA_Charts/8/rgb.png Graphic file (type png)
<use Figures/EDA_Charts/8/rgb.png>
Package pdftex.def Info: Figures/EDA_Charts/8/rgb.png  used on input line 246.
(pdftex.def)             Requested size: 104.36826pt x 83.16527pt.
<Figures/EDA_Charts/8/da.png, id=835, 1449.0135pt x 714.7503pt>
File: Figures/EDA_Charts/8/da.png Graphic file (type png)
<use Figures/EDA_Charts/8/da.png>
Package pdftex.def Info: Figures/EDA_Charts/8/da.png  used on input line 251.
(pdftex.def)             Requested size: 208.73653pt x 102.9545pt.
<Figures/EDA_Charts/9/montage.png, id=836, 352.6776pt x 281.1303pt>
File: Figures/EDA_Charts/9/montage.png Graphic file (type png)
<use Figures/EDA_Charts/9/montage.png>
Package pdftex.def Info: Figures/EDA_Charts/9/montage.png  used on input line 267.
(pdftex.def)             Requested size: 104.36826pt x 83.19438pt.
<Figures/EDA_Charts/9/rgb.png, id=837, 412.6617pt x 328.8285pt>
File: Figures/EDA_Charts/9/rgb.png Graphic file (type png)
<use Figures/EDA_Charts/9/rgb.png>
Package pdftex.def Info: Figures/EDA_Charts/9/rgb.png  used on input line 272.
(pdftex.def)             Requested size: 104.36826pt x 83.16527pt.
<Figures/EDA_Charts/9/da.png, id=838, 1449.0135pt x 714.7503pt>
File: Figures/EDA_Charts/9/da.png Graphic file (type png)
<use Figures/EDA_Charts/9/da.png>
Package pdftex.def Info: Figures/EDA_Charts/9/da.png  used on input line 277.
(pdftex.def)             Requested size: 208.73653pt x 102.9545pt.
 [38 <./Figures/EDA_Charts/8/montage.png> <./Figures/EDA_Charts/8/rgb.png> <./Figures/EDA_Charts/8/da.png> <./Figures/EDA_Charts/9/montage.png> <./Figures/EDA_Charts/9/rgb.png> <./Figures/EDA_Charts/9/da.png>]
<Figures/EDA_Charts/10/montage.png, id=849, 372.1905pt x 265.2309pt>
File: Figures/EDA_Charts/10/montage.png Graphic file (type png)
<use Figures/EDA_Charts/10/montage.png>
Package pdftex.def Info: Figures/EDA_Charts/10/montage.png  used on input line 295.
(pdftex.def)             Requested size: 104.36826pt x 74.37341pt.
<Figures/EDA_Charts/10/rgb.png, id=850, 412.6617pt x 328.8285pt>
File: Figures/EDA_Charts/10/rgb.png Graphic file (type png)
<use Figures/EDA_Charts/10/rgb.png>
Package pdftex.def Info: Figures/EDA_Charts/10/rgb.png  used on input line 300.
(pdftex.def)             Requested size: 104.36826pt x 83.16527pt.
<Figures/EDA_Charts/10/da.png, id=851, 1449.0135pt x 714.7503pt>
File: Figures/EDA_Charts/10/da.png Graphic file (type png)
<use Figures/EDA_Charts/10/da.png>
Package pdftex.def Info: Figures/EDA_Charts/10/da.png  used on input line 305.
(pdftex.def)             Requested size: 208.73653pt x 102.9545pt.
<Figures/EDA_Charts/11/montage.png, id=852, 372.9132pt x 280.4076pt>
File: Figures/EDA_Charts/11/montage.png Graphic file (type png)
<use Figures/EDA_Charts/11/montage.png>
Package pdftex.def Info: Figures/EDA_Charts/11/montage.png  used on input line 322.
(pdftex.def)             Requested size: 104.36826pt x 78.47935pt.
<Figures/EDA_Charts/11/rgb.png, id=853, 414.8298pt x 328.8285pt>
File: Figures/EDA_Charts/11/rgb.png Graphic file (type png)
<use Figures/EDA_Charts/11/rgb.png>
Package pdftex.def Info: Figures/EDA_Charts/11/rgb.png  used on input line 327.
(pdftex.def)             Requested size: 104.36826pt x 82.72874pt.
<Figures/EDA_Charts/11/da.png, id=854, 1442.5092pt x 714.7503pt>
File: Figures/EDA_Charts/11/da.png Graphic file (type png)
<use Figures/EDA_Charts/11/da.png>
Package pdftex.def Info: Figures/EDA_Charts/11/da.png  used on input line 332.
(pdftex.def)             Requested size: 208.73653pt x 103.42346pt.
 [39 <./Figures/EDA_Charts/10/montage.png> <./Figures/EDA_Charts/10/rgb.png> <./Figures/EDA_Charts/10/da.png> <./Figures/EDA_Charts/11/montage.png> <./Figures/EDA_Charts/11/rgb.png> <./Figures/EDA_Charts/11/da.png>]
<Figures/firstrun/tesseract_config.jpg, id=865, 852.93657pt x 48.93282pt>
File: Figures/firstrun/tesseract_config.jpg Graphic file (type jpg)
<use Figures/firstrun/tesseract_config.jpg>
Package pdftex.def Info: Figures/firstrun/tesseract_config.jpg  used on input line 348.
(pdftex.def)             Requested size: 375.7232pt x 21.55513pt.
<Figures/gray/original.png, id=867, 513.117pt x 586.8324pt>
File: Figures/gray/original.png Graphic file (type png)
<use Figures/gray/original.png>
Package pdftex.def Info: Figures/gray/original.png  used on input line 360.
(pdftex.def)             Requested size: 169.0743pt x 193.35979pt.
<Figures/gray/grey.png, id=868, 513.117pt x 586.8324pt>
File: Figures/gray/grey.png Graphic file (type png)
<use Figures/gray/grey.png>
Package pdftex.def Info: Figures/gray/grey.png  used on input line 365.
(pdftex.def)             Requested size: 169.0743pt x 193.35979pt.
 [40 <./Figures/firstrun/tesseract_config.jpg> <./Figures/gray/original.png> <./Figures/gray/grey.png>]
<Figures/otsu/original.png, id=877, 182.1204pt x 164.7756pt>
File: Figures/otsu/original.png Graphic file (type png)
<use Figures/otsu/original.png>
Package pdftex.def Info: Figures/otsu/original.png  used on input line 390.
(pdftex.def)             Requested size: 169.0743pt x 152.98073pt.
<Figures/otsu/otsu.png, id=878, 182.1204pt x 164.7756pt>
File: Figures/otsu/otsu.png Graphic file (type png)
<use Figures/otsu/otsu.png>
Package pdftex.def Info: Figures/otsu/otsu.png  used on input line 395.
(pdftex.def)             Requested size: 169.0743pt x 152.98073pt.
 [41 <./Figures/otsu/original.png> <./Figures/otsu/otsu.png>]
<Figures/closing/original.png, id=887, 182.1204pt x 156.1032pt>
File: Figures/closing/original.png Graphic file (type png)
<use Figures/closing/original.png>
Package pdftex.def Info: Figures/closing/original.png  used on input line 413.
(pdftex.def)             Requested size: 112.7181pt x 96.61623pt.
<Figures/closing/dilated.png, id=888, 182.1204pt x 156.1032pt>
File: Figures/closing/dilated.png Graphic file (type png)
<use Figures/closing/dilated.png>
Package pdftex.def Info: Figures/closing/dilated.png  used on input line 418.
(pdftex.def)             Requested size: 112.7181pt x 96.61623pt.
<Figures/closing/closing.png, id=889, 182.1204pt x 156.1032pt>
File: Figures/closing/closing.png Graphic file (type png)
<use Figures/closing/closing.png>
Package pdftex.def Info: Figures/closing/closing.png  used on input line 423.
(pdftex.def)             Requested size: 112.7181pt x 96.61623pt.
<Figures/second_run/lang.jpg, id=891, 711.4078pt x 60.225pt>
File: Figures/second_run/lang.jpg Graphic file (type jpg)
<use Figures/second_run/lang.jpg>
Package pdftex.def Info: Figures/second_run/lang.jpg  used on input line 435.
(pdftex.def)             Requested size: 375.7232pt x 31.80789pt.
 [42 <./Figures/closing/original.png> <./Figures/closing/dilated.png> <./Figures/closing/closing.png> <./Figures/second_run/lang.jpg>] [43] [44]
<Figures/red_mask/original.png, id=913, 164.0529pt x 197.2971pt>
File: Figures/red_mask/original.png Graphic file (type png)
<use Figures/red_mask/original.png>
Package pdftex.def Info: Figures/red_mask/original.png  used on input line 488.
(pdftex.def)             Requested size: 169.0743pt x 203.3417pt.
<Figures/red_mask/red_mask.png, id=914, 164.0529pt x 197.2971pt>
File: Figures/red_mask/red_mask.png Graphic file (type png)
<use Figures/red_mask/red_mask.png>
Package pdftex.def Info: Figures/red_mask/red_mask.png  used on input line 493.
(pdftex.def)             Requested size: 169.0743pt x 203.3417pt.
 [45 <./Figures/red_mask/original.png> <./Figures/red_mask/red_mask.png>] [46]
File: Figures/EDA_Charts/2/montage.png Graphic file (type png)
<use Figures/EDA_Charts/2/montage.png>
Package pdftex.def Info: Figures/EDA_Charts/2/montage.png  used on input line 513.
(pdftex.def)             Requested size: 375.7232pt x 299.51524pt.
 [47]
Package hyperref Info: bookmark level for unknown lstlisting defaults to 0 on input line 524.
) (Chapters/Chapter4.tex [48]
Chapter 4.
------------------------------------------------------------------------------
 4 Results
------------------------------------------------------------------------------
[49

]
<Figures/Results/sipa_02/count_analysis.png, id=941, 726.3135pt x 506.6127pt>
File: Figures/Results/sipa_02/count_analysis.png Graphic file (type png)
<use Figures/Results/sipa_02/count_analysis.png>
Package pdftex.def Info: Figures/Results/sipa_02/count_analysis.png  used on input line 19.
(pdftex.def)             Requested size: 375.7232pt x 262.07957pt.
 [50 <./Figures/Results/sipa_02/count_analysis.png>]

Package hyperref Warning: Difference (2) between bookmark levels is greater 
(hyperref)                than one, level fixed on input line 31.

<Figures/Results/sipa_02/contrast.png, id=947, 607.7907pt x 395.3169pt>
File: Figures/Results/sipa_02/contrast.png Graphic file (type png)
<use Figures/Results/sipa_02/contrast.png>
Package pdftex.def Info: Figures/Results/sipa_02/contrast.png  used on input line 35.
(pdftex.def)             Requested size: 375.7232pt x 244.37611pt.
[51 <./Figures/Results/sipa_02/contrast.png>]
<Figures/Results/sipa_02/brightness.png, id=953, 614.295pt x 395.3169pt>
File: Figures/Results/sipa_02/brightness.png Graphic file (type png)
<use Figures/Results/sipa_02/brightness.png>
Package pdftex.def Info: Figures/Results/sipa_02/brightness.png  used on input line 53.
(pdftex.def)             Requested size: 375.7232pt x 241.78838pt.
 [52 <./Figures/Results/sipa_02/brightness.png>]) (Chapters/Chapter5.tex [53]
Chapter 5.
------------------------------------------------------------------------------
 5 Discussion and Conclusion
------------------------------------------------------------------------------
) (Thesis.bbl [54

] [55

]) (Appendices/AppendixA.tex [56]
Appendix A.
------------------------------------------------------------------------------
 A Code Snippets
------------------------------------------------------------------------------
) [57

]
------------------------------------------------------------------------------
 Bibliography
------------------------------------------------------------------------------
(Thesis.aux)
 ***********
LaTeX2e <2023-06-01> patch level 1
L3 programming layer <2023-06-30>
 ***********
Package rerunfilecheck Info: File `Thesis.out' has not changed.
(rerunfilecheck)             Checksum: E43DE3B15D2997A5CEBE3097CEB254E3;12001.
 ) 
Here is how much of TeX's memory you used:
 16012 strings out of 475551
 261586 string characters out of 5763027
 1935238 words of memory out of 5000000
 36730 multiletter control sequences out of 15000+600000
 568414 words of font info for 74 fonts, out of 8000000 for 9000
 1141 hyphenation exceptions out of 8191
 78i,13n,81p,13205b,1329s stack positions out of 10000i,1000n,20000p,200000b,200000s
 <C:\Users\USER\AppData\Local\MiKTeX\fonts/pk/ljfour/jknappen/ec/dpi600\tcrm1095.pk><C:/Users/USER/AppData/Local/Programs/MiKTeX/fonts/type1/public/amsfonts/cm/cmbx10.pfb><C:/Users/USER/AppData/Local/Programs/MiKTeX/fonts/type1/public/amsfonts/cm/cmbx12.pfb><C:/Users/USER/AppData/Local/Programs/MiKTeX/fonts/type1/public/amsfonts/cm/cmcsc10.pfb><C:/Users/USER/AppData/Local/Programs/MiKTeX/fonts/type1/public/amsfonts/cm/cmr10.pfb><C:/Users/USER/AppData/Local/Programs/MiKTeX/fonts/type1/public/amsfonts/cm/cmr12.pfb><C:/Users/USER/AppData/Local/Programs/MiKTeX/fonts/type1/public/amsfonts/cm/cmr17.pfb><C:/Users/USER/AppData/Local/Programs/MiKTeX/fonts/type1/public/amsfonts/cm/cmsl12.pfb><C:/Users/USER/AppData/Local/Programs/MiKTeX/fonts/type1/public/amsfonts/cm/cmti10.pfb><C:/Users/USER/AppData/Local/Programs/MiKTeX/fonts/type1/public/amsfonts/cm/cmti12.pfb><C:/Users/USER/AppData/Local/Programs/MiKTeX/fonts/type1/public/amsfonts/cm/cmtt8.pfb><C:/Users/USER/AppData/Local/Programs/MiKTeX/fonts/type1/public/amsfonts/symbols/msam7.pfb>
Output written on Thesis.pdf (70 pages, 9308359 bytes).
PDF statistics:
 1111 PDF objects out of 1200 (max. 8388607)
 248 named destinations out of 1000 (max. 500000)
 957 words of extra memory for PDF output out of 10000 (max. 10000000)

